<?xml version="1.0" encoding="UTF-8"?>
<robot generator="Robot 7.1 (Python 3.12.1 on win32)" generated="2024-11-19T13:57:52.141580" rpa="false" schemaversion="5">
<suite id="s1" name="AutomacaoiLABRobot" source="C:\Users\joaop\OneDrive\Área de Trabalho\iLab\Estágio\AutomacaoiLABRobot">
<suite id="s1-s1" name="Tests" source="C:\Users\joaop\OneDrive\Área de Trabalho\iLab\Estágio\AutomacaoiLABRobot\tests">
<suite id="s1-s1-s1" name="Logintests" source="C:\Users\joaop\OneDrive\Área de Trabalho\iLab\Estágio\AutomacaoiLABRobot\tests\logintests.robot">
<test id="s1-s1-s1-t1" name="CT01 - Login bem-sucedido" line="8">
<kw name="Dado que o usuario esta na pagina de login" owner="loginkeywords">
<kw name="Open Browser" owner="SeleniumLibrary">
<msg time="2024-11-19T13:57:52.535930" level="INFO">Opening browser 'Chrome' to base url 'https://opensource-demo.orangehrmlive.com/web/index.php/auth/login'.</msg>
<msg time="2024-11-19T13:57:53.231284" level="WARN">The chromedriver version (130.0.6723.116) detected in PATH at C:\chromedriver-win64\chromedriver.exe might not be compatible with the detected chrome version (131.0.6778.70); currently, chromedriver 131.0.6778.69 is recommended for chrome 131.*, so it is advised to delete the driver in PATH and retry</msg>
<arg>${URL_LOGIN_PAGE}</arg>
<arg>Chrome</arg>
<doc>Opens a new browser instance to the optional ``url``.</doc>
<status status="PASS" start="2024-11-19T13:57:52.535930" elapsed="6.200463"/>
</kw>
<kw name="Sleep" owner="BuiltIn">
<msg time="2024-11-19T13:58:01.738116" level="INFO">Slept 3 seconds.</msg>
<arg>3s</arg>
<doc>Pauses the test executed for the given time.</doc>
<status status="PASS" start="2024-11-19T13:57:58.737485" elapsed="3.000631"/>
</kw>
<status status="PASS" start="2024-11-19T13:57:52.535930" elapsed="9.202186"/>
</kw>
<kw name="E Preencha o formulario com os dados" owner="loginkeywords">
<kw name="Input Text" owner="SeleniumLibrary">
<msg time="2024-11-19T13:58:01.741274" level="INFO">Typing text 'Admin' into text field 'name=username'.</msg>
<arg>${USERNAME_FIELD}</arg>
<arg>${username}</arg>
<doc>Types the given ``text`` into the text field identified by ``locator``.</doc>
<status status="PASS" start="2024-11-19T13:58:01.741274" elapsed="0.175255"/>
</kw>
<kw name="Input Text" owner="SeleniumLibrary">
<msg time="2024-11-19T13:58:01.918037" level="INFO">Typing text 'admin123' into text field 'name=password'.</msg>
<arg>${PASSWORD_FIELD}</arg>
<arg>${password}</arg>
<doc>Types the given ``text`` into the text field identified by ``locator``.</doc>
<status status="PASS" start="2024-11-19T13:58:01.918037" elapsed="0.204812"/>
</kw>
<arg>${VALID_USERNAME}</arg>
<arg>${VALID_PASSWORD}</arg>
<status status="PASS" start="2024-11-19T13:58:01.738116" elapsed="0.384733"/>
</kw>
<kw name="E tira Print" owner="loginkeywords">
<kw name="Sleep" owner="BuiltIn">
<msg time="2024-11-19T13:58:03.624787" level="INFO">Slept 1 second 500 milliseconds.</msg>
<arg>1.5s</arg>
<doc>Pauses the test executed for the given time.</doc>
<status status="PASS" start="2024-11-19T13:58:02.123870" elapsed="1.500917"/>
</kw>
<kw name="Capture Page Screenshot" owner="SeleniumLibrary">
<msg time="2024-11-19T13:58:03.717795" level="INFO" html="true">&lt;/td&gt;&lt;/tr&gt;&lt;tr&gt;&lt;td colspan="3"&gt;&lt;a href="screenshots/CT01_CredenciaisPreenchidas.png"&gt;&lt;img src="screenshots/CT01_CredenciaisPreenchidas.png" width="800px"&gt;&lt;/a&gt;</msg>
<arg>../results/screenshots/${name}.png</arg>
<doc>Takes a screenshot of the current page and embeds it into a log file.</doc>
<status status="PASS" start="2024-11-19T13:58:03.624787" elapsed="0.093008"/>
</kw>
<arg>CT01_CredenciaisPreenchidas</arg>
<status status="PASS" start="2024-11-19T13:58:02.122849" elapsed="1.594946"/>
</kw>
<kw name="Quando clicar no botao &quot;Login&quot;" owner="loginkeywords">
<kw name="Submit Form" owner="SeleniumLibrary">
<msg time="2024-11-19T13:58:03.720370" level="INFO">Submitting form 'class:oxd-form'.</msg>
<arg>${FORM_CLASS}</arg>
<doc>Submits a form identified by ``locator``.</doc>
<status status="PASS" start="2024-11-19T13:58:03.720370" elapsed="0.964940"/>
</kw>
<status status="PASS" start="2024-11-19T13:58:03.719283" elapsed="0.966027"/>
</kw>
<kw name="Entao devera estar na pagina" owner="loginkeywords">
<kw name="Get Location" owner="SeleniumLibrary">
<msg time="2024-11-19T13:58:04.702777" level="INFO">${current_url} = https://opensource-demo.orangehrmlive.com/web/index.php/dashboard/index</msg>
<var>${current_url}</var>
<doc>Returns the current browser window URL.</doc>
<status status="PASS" start="2024-11-19T13:58:04.689641" elapsed="0.014137"/>
</kw>
<kw name="Should Be Equal" owner="BuiltIn">
<arg>${current_url}</arg>
<arg>${expected_url}</arg>
<doc>Fails if the given objects are unequal.</doc>
<status status="PASS" start="2024-11-19T13:58:04.704775" elapsed="0.001317"/>
</kw>
<arg>${URL_DASHBOARD_PAGE}</arg>
<status status="PASS" start="2024-11-19T13:58:04.687651" elapsed="0.018441"/>
</kw>
<kw name="E tira Print" owner="loginkeywords">
<kw name="Sleep" owner="BuiltIn">
<msg time="2024-11-19T13:58:06.209151" level="INFO">Slept 1 second 500 milliseconds.</msg>
<arg>1.5s</arg>
<doc>Pauses the test executed for the given time.</doc>
<status status="PASS" start="2024-11-19T13:58:04.707545" elapsed="1.501606"/>
</kw>
<kw name="Capture Page Screenshot" owner="SeleniumLibrary">
<msg time="2024-11-19T13:58:06.367326" level="INFO" html="true">&lt;/td&gt;&lt;/tr&gt;&lt;tr&gt;&lt;td colspan="3"&gt;&lt;a href="screenshots/CT01_DashboardPage.png"&gt;&lt;img src="screenshots/CT01_DashboardPage.png" width="800px"&gt;&lt;/a&gt;</msg>
<arg>../results/screenshots/${name}.png</arg>
<doc>Takes a screenshot of the current page and embeds it into a log file.</doc>
<status status="PASS" start="2024-11-19T13:58:06.209151" elapsed="0.158175"/>
</kw>
<arg>CT01_DashboardPage</arg>
<status status="PASS" start="2024-11-19T13:58:04.707545" elapsed="1.661269"/>
</kw>
<kw name="E fecha Browser" owner="loginkeywords">
<kw name="Close Browser" owner="SeleniumLibrary">
<doc>Closes the current browser.</doc>
<status status="PASS" start="2024-11-19T13:58:06.370113" elapsed="4.018757"/>
</kw>
<status status="PASS" start="2024-11-19T13:58:06.368814" elapsed="4.020056"/>
</kw>
<status status="PASS" start="2024-11-19T13:57:52.520090" elapsed="17.868780"/>
</test>
<test id="s1-s1-s1-t2" name="CT02 - Login com senha incorreta" line="17">
<kw name="Dado que o usuario esta na pagina de login" owner="loginkeywords">
<kw name="Open Browser" owner="SeleniumLibrary">
<msg time="2024-11-19T13:58:10.396121" level="INFO">Opening browser 'Chrome' to base url 'https://opensource-demo.orangehrmlive.com/web/index.php/auth/login'.</msg>
<msg time="2024-11-19T13:58:11.047624" level="WARN">The chromedriver version (130.0.6723.116) detected in PATH at C:\chromedriver-win64\chromedriver.exe might not be compatible with the detected chrome version (131.0.6778.70); currently, chromedriver 131.0.6778.69 is recommended for chrome 131.*, so it is advised to delete the driver in PATH and retry</msg>
<arg>${URL_LOGIN_PAGE}</arg>
<arg>Chrome</arg>
<doc>Opens a new browser instance to the optional ``url``.</doc>
<status status="PASS" start="2024-11-19T13:58:10.396121" elapsed="4.809220"/>
</kw>
<kw name="Sleep" owner="BuiltIn">
<msg time="2024-11-19T13:58:18.207151" level="INFO">Slept 3 seconds.</msg>
<arg>3s</arg>
<doc>Pauses the test executed for the given time.</doc>
<status status="PASS" start="2024-11-19T13:58:15.205854" elapsed="3.001803"/>
</kw>
<status status="PASS" start="2024-11-19T13:58:10.390913" elapsed="7.816744"/>
</kw>
<kw name="E Preencha o formulario com os dados" owner="loginkeywords">
<kw name="Input Text" owner="SeleniumLibrary">
<msg time="2024-11-19T13:58:18.211288" level="INFO">Typing text 'Admin' into text field 'name=username'.</msg>
<arg>${USERNAME_FIELD}</arg>
<arg>${username}</arg>
<doc>Types the given ``text`` into the text field identified by ``locator``.</doc>
<status status="PASS" start="2024-11-19T13:58:18.209756" elapsed="0.192580"/>
</kw>
<kw name="Input Text" owner="SeleniumLibrary">
<msg time="2024-11-19T13:58:18.404515" level="INFO">Typing text 'adm123' into text field 'name=password'.</msg>
<arg>${PASSWORD_FIELD}</arg>
<arg>${password}</arg>
<doc>Types the given ``text`` into the text field identified by ``locator``.</doc>
<status status="PASS" start="2024-11-19T13:58:18.403429" elapsed="0.159825"/>
</kw>
<arg>${VALID_USERNAME}</arg>
<arg>${INVALID_PASSWORD}</arg>
<status status="PASS" start="2024-11-19T13:58:18.208675" elapsed="0.354579"/>
</kw>
<kw name="E tira Print" owner="loginkeywords">
<kw name="Sleep" owner="BuiltIn">
<msg time="2024-11-19T13:58:20.069111" level="INFO">Slept 1 second 500 milliseconds.</msg>
<arg>1.5s</arg>
<doc>Pauses the test executed for the given time.</doc>
<status status="PASS" start="2024-11-19T13:58:18.568251" elapsed="1.500860"/>
</kw>
<kw name="Capture Page Screenshot" owner="SeleniumLibrary">
<msg time="2024-11-19T13:58:20.195337" level="INFO" html="true">&lt;/td&gt;&lt;/tr&gt;&lt;tr&gt;&lt;td colspan="3"&gt;&lt;a href="screenshots/CT02_CredenciaisPreenchidas.png"&gt;&lt;img src="screenshots/CT02_CredenciaisPreenchidas.png" width="800px"&gt;&lt;/a&gt;</msg>
<arg>../results/screenshots/${name}.png</arg>
<doc>Takes a screenshot of the current page and embeds it into a log file.</doc>
<status status="PASS" start="2024-11-19T13:58:20.069111" elapsed="0.126226"/>
</kw>
<arg>CT02_CredenciaisPreenchidas</arg>
<status status="PASS" start="2024-11-19T13:58:18.566568" elapsed="1.628769"/>
</kw>
<kw name="Quando clicar no botao &quot;Login&quot;" owner="loginkeywords">
<kw name="Submit Form" owner="SeleniumLibrary">
<msg time="2024-11-19T13:58:20.199242" level="INFO">Submitting form 'class:oxd-form'.</msg>
<arg>${FORM_CLASS}</arg>
<doc>Submits a form identified by ``locator``.</doc>
<status status="PASS" start="2024-11-19T13:58:20.199242" elapsed="0.952586"/>
</kw>
<status status="PASS" start="2024-11-19T13:58:20.197830" elapsed="0.955006"/>
</kw>
<kw name="Entao devera estar na pagina" owner="loginkeywords">
<kw name="Get Location" owner="SeleniumLibrary">
<msg time="2024-11-19T13:58:21.168147" level="INFO">${current_url} = https://opensource-demo.orangehrmlive.com/web/index.php/auth/login</msg>
<var>${current_url}</var>
<doc>Returns the current browser window URL.</doc>
<status status="PASS" start="2024-11-19T13:58:21.153813" elapsed="0.014334"/>
</kw>
<kw name="Should Be Equal" owner="BuiltIn">
<arg>${current_url}</arg>
<arg>${expected_url}</arg>
<doc>Fails if the given objects are unequal.</doc>
<status status="PASS" start="2024-11-19T13:58:21.168147" elapsed="0.000998"/>
</kw>
<arg>${URL_LOGIN_PAGE}</arg>
<status status="PASS" start="2024-11-19T13:58:21.152836" elapsed="0.016309"/>
</kw>
<kw name="E a pagina devera conter" owner="loginkeywords">
<kw name="Sleep" owner="BuiltIn">
<msg time="2024-11-19T13:58:22.673476" level="INFO">Slept 1 second 500 milliseconds.</msg>
<arg>1.5s</arg>
<doc>Pauses the test executed for the given time.</doc>
<status status="PASS" start="2024-11-19T13:58:21.172192" elapsed="1.501284"/>
</kw>
<kw name="Page Should Contain" owner="SeleniumLibrary">
<msg time="2024-11-19T13:58:22.698110" level="INFO">Current page contains text 'Invalid credentials'.</msg>
<arg>${text}</arg>
<doc>Verifies that current page contains ``text``.</doc>
<status status="PASS" start="2024-11-19T13:58:22.673476" elapsed="0.024634"/>
</kw>
<arg>Invalid credentials</arg>
<status status="PASS" start="2024-11-19T13:58:21.170146" elapsed="1.527964"/>
</kw>
<kw name="E tira Print" owner="loginkeywords">
<kw name="Sleep" owner="BuiltIn">
<msg time="2024-11-19T13:58:24.202024" level="INFO">Slept 1 second 500 milliseconds.</msg>
<arg>1.5s</arg>
<doc>Pauses the test executed for the given time.</doc>
<status status="PASS" start="2024-11-19T13:58:22.701809" elapsed="1.501700"/>
</kw>
<kw name="Capture Page Screenshot" owner="SeleniumLibrary">
<msg time="2024-11-19T13:58:24.303695" level="INFO" html="true">&lt;/td&gt;&lt;/tr&gt;&lt;tr&gt;&lt;td colspan="3"&gt;&lt;a href="screenshots/CT02_MensagemDeErro.png"&gt;&lt;img src="screenshots/CT02_MensagemDeErro.png" width="800px"&gt;&lt;/a&gt;</msg>
<arg>../results/screenshots/${name}.png</arg>
<doc>Takes a screenshot of the current page and embeds it into a log file.</doc>
<status status="PASS" start="2024-11-19T13:58:24.203509" elapsed="0.100186"/>
</kw>
<arg>CT02_MensagemDeErro</arg>
<status status="PASS" start="2024-11-19T13:58:22.698110" elapsed="1.605585"/>
</kw>
<kw name="E fecha Browser" owner="loginkeywords">
<kw name="Close Browser" owner="SeleniumLibrary">
<doc>Closes the current browser.</doc>
<status status="PASS" start="2024-11-19T13:58:24.303695" elapsed="2.358427"/>
</kw>
<status status="PASS" start="2024-11-19T13:58:24.303695" elapsed="2.359266"/>
</kw>
<status status="PASS" start="2024-11-19T13:58:10.390913" elapsed="16.272048"/>
</test>
<test id="s1-s1-s1-t3" name="CT03 - Login com usuario nao registrado" line="27">
<kw name="Dado que o usuario esta na pagina de login" owner="loginkeywords">
<kw name="Open Browser" owner="SeleniumLibrary">
<msg time="2024-11-19T13:58:26.671078" level="INFO">Opening browser 'Chrome' to base url 'https://opensource-demo.orangehrmlive.com/web/index.php/auth/login'.</msg>
<msg time="2024-11-19T13:58:27.316549" level="WARN">The chromedriver version (130.0.6723.116) detected in PATH at C:\chromedriver-win64\chromedriver.exe might not be compatible with the detected chrome version (131.0.6778.70); currently, chromedriver 131.0.6778.69 is recommended for chrome 131.*, so it is advised to delete the driver in PATH and retry</msg>
<arg>${URL_LOGIN_PAGE}</arg>
<arg>Chrome</arg>
<doc>Opens a new browser instance to the optional ``url``.</doc>
<status status="PASS" start="2024-11-19T13:58:26.668281" elapsed="4.805157"/>
</kw>
<kw name="Sleep" owner="BuiltIn">
<msg time="2024-11-19T13:58:34.474955" level="INFO">Slept 3 seconds.</msg>
<arg>3s</arg>
<doc>Pauses the test executed for the given time.</doc>
<status status="PASS" start="2024-11-19T13:58:31.473438" elapsed="3.001517"/>
</kw>
<status status="PASS" start="2024-11-19T13:58:26.668281" elapsed="7.807684"/>
</kw>
<kw name="E Preencha o formulario com os dados" owner="loginkeywords">
<kw name="Input Text" owner="SeleniumLibrary">
<msg time="2024-11-19T13:58:34.478281" level="INFO">Typing text 'Administrador' into text field 'name=username'.</msg>
<arg>${USERNAME_FIELD}</arg>
<arg>${username}</arg>
<doc>Types the given ``text`` into the text field identified by ``locator``.</doc>
<status status="PASS" start="2024-11-19T13:58:34.477281" elapsed="0.228131"/>
</kw>
<kw name="Input Text" owner="SeleniumLibrary">
<msg time="2024-11-19T13:58:34.708744" level="INFO">Typing text 'adm123' into text field 'name=password'.</msg>
<arg>${PASSWORD_FIELD}</arg>
<arg>${password}</arg>
<doc>Types the given ``text`` into the text field identified by ``locator``.</doc>
<status status="PASS" start="2024-11-19T13:58:34.707721" elapsed="0.140859"/>
</kw>
<arg>${INVALID_USERNAME}</arg>
<arg>${INVALID_PASSWORD}</arg>
<status status="PASS" start="2024-11-19T13:58:34.475965" elapsed="0.373616"/>
</kw>
<kw name="E tira Print" owner="loginkeywords">
<kw name="Sleep" owner="BuiltIn">
<msg time="2024-11-19T13:58:36.352178" level="INFO">Slept 1 second 500 milliseconds.</msg>
<arg>1.5s</arg>
<doc>Pauses the test executed for the given time.</doc>
<status status="PASS" start="2024-11-19T13:58:34.850583" elapsed="1.501595"/>
</kw>
<kw name="Capture Page Screenshot" owner="SeleniumLibrary">
<msg time="2024-11-19T13:58:36.479679" level="INFO" html="true">&lt;/td&gt;&lt;/tr&gt;&lt;tr&gt;&lt;td colspan="3"&gt;&lt;a href="screenshots/CT03_CredenciaisPreenchidas.png"&gt;&lt;img src="screenshots/CT03_CredenciaisPreenchidas.png" width="800px"&gt;&lt;/a&gt;</msg>
<arg>../results/screenshots/${name}.png</arg>
<doc>Takes a screenshot of the current page and embeds it into a log file.</doc>
<status status="PASS" start="2024-11-19T13:58:36.352178" elapsed="0.127501"/>
</kw>
<arg>CT03_CredenciaisPreenchidas</arg>
<status status="PASS" start="2024-11-19T13:58:34.849581" elapsed="1.630098"/>
</kw>
<kw name="Quando clicar no botao &quot;Login&quot;" owner="loginkeywords">
<kw name="Submit Form" owner="SeleniumLibrary">
<msg time="2024-11-19T13:58:36.493374" level="INFO">Submitting form 'class:oxd-form'.</msg>
<arg>${FORM_CLASS}</arg>
<doc>Submits a form identified by ``locator``.</doc>
<status status="PASS" start="2024-11-19T13:58:36.493374" elapsed="0.678292"/>
</kw>
<status status="PASS" start="2024-11-19T13:58:36.479679" elapsed="0.691987"/>
</kw>
<kw name="Entao devera estar na pagina" owner="loginkeywords">
<kw name="Get Location" owner="SeleniumLibrary">
<msg time="2024-11-19T13:58:37.192628" level="INFO">${current_url} = https://opensource-demo.orangehrmlive.com/web/index.php/auth/login</msg>
<var>${current_url}</var>
<doc>Returns the current browser window URL.</doc>
<status status="PASS" start="2024-11-19T13:58:37.172851" elapsed="0.019777"/>
</kw>
<kw name="Should Be Equal" owner="BuiltIn">
<arg>${current_url}</arg>
<arg>${expected_url}</arg>
<doc>Fails if the given objects are unequal.</doc>
<status status="PASS" start="2024-11-19T13:58:37.193850" elapsed="0.001538"/>
</kw>
<arg>${URL_LOGIN_PAGE}</arg>
<status status="PASS" start="2024-11-19T13:58:37.172851" elapsed="0.022537"/>
</kw>
<kw name="E a pagina devera conter" owner="loginkeywords">
<kw name="Sleep" owner="BuiltIn">
<msg time="2024-11-19T13:58:38.698210" level="INFO">Slept 1 second 500 milliseconds.</msg>
<arg>1.5s</arg>
<doc>Pauses the test executed for the given time.</doc>
<status status="PASS" start="2024-11-19T13:58:37.196386" elapsed="1.501824"/>
</kw>
<kw name="Page Should Contain" owner="SeleniumLibrary">
<msg time="2024-11-19T13:58:38.732223" level="INFO">Current page contains text 'Invalid credentials'.</msg>
<arg>${text}</arg>
<doc>Verifies that current page contains ``text``.</doc>
<status status="PASS" start="2024-11-19T13:58:38.698210" elapsed="0.034013"/>
</kw>
<arg>Invalid credentials</arg>
<status status="PASS" start="2024-11-19T13:58:37.196386" elapsed="1.535837"/>
</kw>
<kw name="E tira Print" owner="loginkeywords">
<kw name="Sleep" owner="BuiltIn">
<msg time="2024-11-19T13:58:40.238110" level="INFO">Slept 1 second 500 milliseconds.</msg>
<arg>1.5s</arg>
<doc>Pauses the test executed for the given time.</doc>
<status status="PASS" start="2024-11-19T13:58:38.737772" elapsed="1.500338"/>
</kw>
<kw name="Capture Page Screenshot" owner="SeleniumLibrary">
<msg time="2024-11-19T13:58:40.341710" level="INFO" html="true">&lt;/td&gt;&lt;/tr&gt;&lt;tr&gt;&lt;td colspan="3"&gt;&lt;a href="screenshots/CT03_MensagemDeErro.png"&gt;&lt;img src="screenshots/CT03_MensagemDeErro.png" width="800px"&gt;&lt;/a&gt;</msg>
<arg>../results/screenshots/${name}.png</arg>
<doc>Takes a screenshot of the current page and embeds it into a log file.</doc>
<status status="PASS" start="2024-11-19T13:58:40.238110" elapsed="0.104504"/>
</kw>
<arg>CT03_MensagemDeErro</arg>
<status status="PASS" start="2024-11-19T13:58:38.736987" elapsed="1.605970"/>
</kw>
<kw name="E fecha Browser" owner="loginkeywords">
<kw name="Close Browser" owner="SeleniumLibrary">
<doc>Closes the current browser.</doc>
<status status="PASS" start="2024-11-19T13:58:40.345586" elapsed="2.389376"/>
</kw>
<status status="PASS" start="2024-11-19T13:58:40.343573" elapsed="2.391389"/>
</kw>
<status status="PASS" start="2024-11-19T13:58:26.665950" elapsed="16.069012"/>
</test>
<test id="s1-s1-s1-t4" name="CT04 - Campos obrigatorios nao preenchidos" line="37">
<kw name="Dado que o usuario esta na pagina de login" owner="loginkeywords">
<kw name="Open Browser" owner="SeleniumLibrary">
<msg time="2024-11-19T13:58:42.737196" level="INFO">Opening browser 'Chrome' to base url 'https://opensource-demo.orangehrmlive.com/web/index.php/auth/login'.</msg>
<msg time="2024-11-19T13:58:43.410736" level="WARN">The chromedriver version (130.0.6723.116) detected in PATH at C:\chromedriver-win64\chromedriver.exe might not be compatible with the detected chrome version (131.0.6778.70); currently, chromedriver 131.0.6778.69 is recommended for chrome 131.*, so it is advised to delete the driver in PATH and retry</msg>
<arg>${URL_LOGIN_PAGE}</arg>
<arg>Chrome</arg>
<doc>Opens a new browser instance to the optional ``url``.</doc>
<status status="PASS" start="2024-11-19T13:58:42.737196" elapsed="5.324345"/>
</kw>
<kw name="Sleep" owner="BuiltIn">
<msg time="2024-11-19T13:58:51.061795" level="INFO">Slept 3 seconds.</msg>
<arg>3s</arg>
<doc>Pauses the test executed for the given time.</doc>
<status status="PASS" start="2024-11-19T13:58:48.061541" elapsed="3.000254"/>
</kw>
<status status="PASS" start="2024-11-19T13:58:42.737196" elapsed="8.325670"/>
</kw>
<kw name="E Preencha o formulario com os dados" owner="loginkeywords">
<kw name="Input Text" owner="SeleniumLibrary">
<msg time="2024-11-19T13:58:51.066291" level="INFO">Typing text '' into text field 'name=username'.</msg>
<arg>${USERNAME_FIELD}</arg>
<arg>${username}</arg>
<doc>Types the given ``text`` into the text field identified by ``locator``.</doc>
<status status="PASS" start="2024-11-19T13:58:51.066291" elapsed="0.125970"/>
</kw>
<kw name="Input Text" owner="SeleniumLibrary">
<msg time="2024-11-19T13:58:51.192261" level="INFO">Typing text '' into text field 'name=password'.</msg>
<arg>${PASSWORD_FIELD}</arg>
<arg>${password}</arg>
<doc>Types the given ``text`` into the text field identified by ``locator``.</doc>
<status status="PASS" start="2024-11-19T13:58:51.192261" elapsed="0.138024"/>
</kw>
<arg>${EMPTY_CREDENTIALS}</arg>
<arg>${EMPTY_CREDENTIALS}</arg>
<status status="PASS" start="2024-11-19T13:58:51.063682" elapsed="0.266603"/>
</kw>
<kw name="E tira Print" owner="loginkeywords">
<kw name="Sleep" owner="BuiltIn">
<msg time="2024-11-19T13:58:52.835709" level="INFO">Slept 1 second 500 milliseconds.</msg>
<arg>1.5s</arg>
<doc>Pauses the test executed for the given time.</doc>
<status status="PASS" start="2024-11-19T13:58:51.334393" elapsed="1.502073"/>
</kw>
<kw name="Capture Page Screenshot" owner="SeleniumLibrary">
<msg time="2024-11-19T13:58:52.909747" level="INFO" html="true">&lt;/td&gt;&lt;/tr&gt;&lt;tr&gt;&lt;td colspan="3"&gt;&lt;a href="screenshots/CT04_CredenciaisEmBranco.png"&gt;&lt;img src="screenshots/CT04_CredenciaisEmBranco.png" width="800px"&gt;&lt;/a&gt;</msg>
<arg>../results/screenshots/${name}.png</arg>
<doc>Takes a screenshot of the current page and embeds it into a log file.</doc>
<status status="PASS" start="2024-11-19T13:58:52.836984" elapsed="0.072763"/>
</kw>
<arg>CT04_CredenciaisEmBranco</arg>
<status status="PASS" start="2024-11-19T13:58:51.331262" elapsed="1.578485"/>
</kw>
<kw name="Quando clicar no botao &quot;Login&quot;" owner="loginkeywords">
<kw name="Submit Form" owner="SeleniumLibrary">
<msg time="2024-11-19T13:58:52.917065" level="INFO">Submitting form 'class:oxd-form'.</msg>
<arg>${FORM_CLASS}</arg>
<doc>Submits a form identified by ``locator``.</doc>
<status status="PASS" start="2024-11-19T13:58:52.917065" elapsed="0.047889"/>
</kw>
<status status="PASS" start="2024-11-19T13:58:52.917065" elapsed="0.047889"/>
</kw>
<kw name="Entao devera estar na pagina" owner="loginkeywords">
<kw name="Get Location" owner="SeleniumLibrary">
<msg time="2024-11-19T13:58:52.984285" level="INFO">${current_url} = https://opensource-demo.orangehrmlive.com/web/index.php/auth/login</msg>
<var>${current_url}</var>
<doc>Returns the current browser window URL.</doc>
<status status="PASS" start="2024-11-19T13:58:52.966543" elapsed="0.017742"/>
</kw>
<kw name="Should Be Equal" owner="BuiltIn">
<arg>${current_url}</arg>
<arg>${expected_url}</arg>
<doc>Fails if the given objects are unequal.</doc>
<status status="PASS" start="2024-11-19T13:58:52.985331" elapsed="0.000000"/>
</kw>
<arg>${URL_LOGIN_PAGE}</arg>
<status status="PASS" start="2024-11-19T13:58:52.965895" elapsed="0.019436"/>
</kw>
<kw name="E a pagina devera conter" owner="loginkeywords">
<kw name="Sleep" owner="BuiltIn">
<msg time="2024-11-19T13:58:54.488219" level="INFO">Slept 1 second 500 milliseconds.</msg>
<arg>1.5s</arg>
<doc>Pauses the test executed for the given time.</doc>
<status status="PASS" start="2024-11-19T13:58:52.987716" elapsed="1.500503"/>
</kw>
<kw name="Page Should Contain" owner="SeleniumLibrary">
<msg time="2024-11-19T13:58:54.512550" level="INFO">Current page contains text 'Required'.</msg>
<arg>${text}</arg>
<doc>Verifies that current page contains ``text``.</doc>
<status status="PASS" start="2024-11-19T13:58:54.488219" elapsed="0.025039"/>
</kw>
<arg>Required</arg>
<status status="PASS" start="2024-11-19T13:58:52.985331" elapsed="1.527927"/>
</kw>
<kw name="E tira Print" owner="loginkeywords">
<kw name="Sleep" owner="BuiltIn">
<msg time="2024-11-19T13:58:56.015949" level="INFO">Slept 1 second 500 milliseconds.</msg>
<arg>1.5s</arg>
<doc>Pauses the test executed for the given time.</doc>
<status status="PASS" start="2024-11-19T13:58:54.513258" elapsed="1.502691"/>
</kw>
<kw name="Capture Page Screenshot" owner="SeleniumLibrary">
<msg time="2024-11-19T13:58:56.108521" level="INFO" html="true">&lt;/td&gt;&lt;/tr&gt;&lt;tr&gt;&lt;td colspan="3"&gt;&lt;a href="screenshots/CT04_MensagemDeErro.png"&gt;&lt;img src="screenshots/CT04_MensagemDeErro.png" width="800px"&gt;&lt;/a&gt;</msg>
<arg>../results/screenshots/${name}.png</arg>
<doc>Takes a screenshot of the current page and embeds it into a log file.</doc>
<status status="PASS" start="2024-11-19T13:58:56.015949" elapsed="0.093856"/>
</kw>
<arg>CT04_MensagemDeErro</arg>
<status status="PASS" start="2024-11-19T13:58:54.513258" elapsed="1.596547"/>
</kw>
<kw name="E fecha Browser" owner="loginkeywords">
<kw name="Close Browser" owner="SeleniumLibrary">
<doc>Closes the current browser.</doc>
<status status="PASS" start="2024-11-19T13:58:56.110891" elapsed="2.312785"/>
</kw>
<status status="PASS" start="2024-11-19T13:58:56.110891" elapsed="2.312785"/>
</kw>
<status status="PASS" start="2024-11-19T13:58:42.737196" elapsed="15.686480"/>
</test>
<test id="s1-s1-s1-t5" name="CT05 - Acessar pagina &quot;Forgot your password&quot;" line="47">
<kw name="Dado que o usuario esta na pagina de login" owner="loginkeywords">
<kw name="Open Browser" owner="SeleniumLibrary">
<msg time="2024-11-19T13:58:58.435641" level="INFO">Opening browser 'Chrome' to base url 'https://opensource-demo.orangehrmlive.com/web/index.php/auth/login'.</msg>
<msg time="2024-11-19T13:58:59.094860" level="WARN">The chromedriver version (130.0.6723.116) detected in PATH at C:\chromedriver-win64\chromedriver.exe might not be compatible with the detected chrome version (131.0.6778.70); currently, chromedriver 131.0.6778.69 is recommended for chrome 131.*, so it is advised to delete the driver in PATH and retry</msg>
<arg>${URL_LOGIN_PAGE}</arg>
<arg>Chrome</arg>
<doc>Opens a new browser instance to the optional ``url``.</doc>
<status status="PASS" start="2024-11-19T13:58:58.433273" elapsed="7.742157"/>
</kw>
<kw name="Sleep" owner="BuiltIn">
<msg time="2024-11-19T13:59:09.175875" level="INFO">Slept 3 seconds.</msg>
<arg>3s</arg>
<doc>Pauses the test executed for the given time.</doc>
<status status="PASS" start="2024-11-19T13:59:06.175430" elapsed="3.001489"/>
</kw>
<status status="PASS" start="2024-11-19T13:58:58.432069" elapsed="10.745945"/>
</kw>
<kw name="E tira Print" owner="loginkeywords">
<kw name="Sleep" owner="BuiltIn">
<msg time="2024-11-19T13:59:10.683382" level="INFO">Slept 1 second 500 milliseconds.</msg>
<arg>1.5s</arg>
<doc>Pauses the test executed for the given time.</doc>
<status status="PASS" start="2024-11-19T13:59:09.180938" elapsed="1.503330"/>
</kw>
<kw name="Capture Page Screenshot" owner="SeleniumLibrary">
<msg time="2024-11-19T13:59:10.771477" level="INFO" html="true">&lt;/td&gt;&lt;/tr&gt;&lt;tr&gt;&lt;td colspan="3"&gt;&lt;a href="screenshots/CT05_ForgotPassword.png"&gt;&lt;img src="screenshots/CT05_ForgotPassword.png" width="800px"&gt;&lt;/a&gt;</msg>
<arg>../results/screenshots/${name}.png</arg>
<doc>Takes a screenshot of the current page and embeds it into a log file.</doc>
<status status="PASS" start="2024-11-19T13:59:10.684268" elapsed="0.088213"/>
</kw>
<arg>CT05_ForgotPassword</arg>
<status status="PASS" start="2024-11-19T13:59:09.179937" elapsed="1.592544"/>
</kw>
<kw name="Quando clicar em &quot;Forgot Password&quot;" owner="loginkeywords">
<kw name="Click Element" owner="SeleniumLibrary">
<msg time="2024-11-19T13:59:10.774556" level="INFO">Clicking element 'class:orangehrm-login-forgot-header'.</msg>
<arg>${FORGOT_CLASS}</arg>
<doc>Click the element identified by ``locator``.</doc>
<status status="PASS" start="2024-11-19T13:59:10.774556" elapsed="0.467214"/>
</kw>
<status status="PASS" start="2024-11-19T13:59:10.773479" elapsed="0.468848"/>
</kw>
<kw name="Entao devera estar na pagina" owner="loginkeywords">
<kw name="Get Location" owner="SeleniumLibrary">
<msg time="2024-11-19T13:59:11.262591" level="INFO">${current_url} = https://opensource-demo.orangehrmlive.com/web/index.php/auth/requestPasswordResetCode</msg>
<var>${current_url}</var>
<doc>Returns the current browser window URL.</doc>
<status status="PASS" start="2024-11-19T13:59:11.242327" elapsed="0.021289"/>
</kw>
<kw name="Should Be Equal" owner="BuiltIn">
<arg>${current_url}</arg>
<arg>${expected_url}</arg>
<doc>Fails if the given objects are unequal.</doc>
<status status="PASS" start="2024-11-19T13:59:11.263616" elapsed="0.001256"/>
</kw>
<arg>${URL_RESET_PASSWORD}</arg>
<status status="PASS" start="2024-11-19T13:59:11.242327" elapsed="0.022545"/>
</kw>
<kw name="E a pagina devera conter" owner="loginkeywords">
<kw name="Sleep" owner="BuiltIn">
<msg time="2024-11-19T13:59:12.769990" level="INFO">Slept 1 second 500 milliseconds.</msg>
<arg>1.5s</arg>
<doc>Pauses the test executed for the given time.</doc>
<status status="PASS" start="2024-11-19T13:59:11.267188" elapsed="1.502802"/>
</kw>
<kw name="Page Should Contain" owner="SeleniumLibrary">
<msg time="2024-11-19T13:59:12.792645" level="INFO">Current page contains text 'Reset Password'.</msg>
<arg>${text}</arg>
<doc>Verifies that current page contains ``text``.</doc>
<status status="PASS" start="2024-11-19T13:59:12.769990" elapsed="0.022655"/>
</kw>
<arg>Reset Password</arg>
<status status="PASS" start="2024-11-19T13:59:11.266192" elapsed="1.526453"/>
</kw>
<kw name="E tira Print" owner="loginkeywords">
<kw name="Sleep" owner="BuiltIn">
<msg time="2024-11-19T13:59:14.297674" level="INFO">Slept 1 second 500 milliseconds.</msg>
<arg>1.5s</arg>
<doc>Pauses the test executed for the given time.</doc>
<status status="PASS" start="2024-11-19T13:59:12.792645" elapsed="1.505029"/>
</kw>
<kw name="Capture Page Screenshot" owner="SeleniumLibrary">
<msg time="2024-11-19T13:59:14.377350" level="INFO" html="true">&lt;/td&gt;&lt;/tr&gt;&lt;tr&gt;&lt;td colspan="3"&gt;&lt;a href="screenshots/CT05_ResetPasswordPage.png"&gt;&lt;img src="screenshots/CT05_ResetPasswordPage.png" width="800px"&gt;&lt;/a&gt;</msg>
<arg>../results/screenshots/${name}.png</arg>
<doc>Takes a screenshot of the current page and embeds it into a log file.</doc>
<status status="PASS" start="2024-11-19T13:59:14.297674" elapsed="0.081934"/>
</kw>
<arg>CT05_ResetPasswordPage</arg>
<status status="PASS" start="2024-11-19T13:59:12.792645" elapsed="1.586963"/>
</kw>
<kw name="E fecha Browser" owner="loginkeywords">
<kw name="Close Browser" owner="SeleniumLibrary">
<doc>Closes the current browser.</doc>
<status status="PASS" start="2024-11-19T13:59:14.379608" elapsed="2.324267"/>
</kw>
<status status="PASS" start="2024-11-19T13:59:14.379608" elapsed="2.325370"/>
</kw>
<status status="PASS" start="2024-11-19T13:58:58.425871" elapsed="18.279107"/>
</test>
<test id="s1-s1-s1-t6" name="CT06 - Acessar LinkedIn" line="56">
<kw name="Dado que o usuario esta na pagina de login" owner="loginkeywords">
<kw name="Open Browser" owner="SeleniumLibrary">
<msg time="2024-11-19T13:59:16.712249" level="INFO">Opening browser 'Chrome' to base url 'https://opensource-demo.orangehrmlive.com/web/index.php/auth/login'.</msg>
<msg time="2024-11-19T13:59:17.371066" level="WARN">The chromedriver version (130.0.6723.116) detected in PATH at C:\chromedriver-win64\chromedriver.exe might not be compatible with the detected chrome version (131.0.6778.70); currently, chromedriver 131.0.6778.69 is recommended for chrome 131.*, so it is advised to delete the driver in PATH and retry</msg>
<arg>${URL_LOGIN_PAGE}</arg>
<arg>Chrome</arg>
<doc>Opens a new browser instance to the optional ``url``.</doc>
<status status="PASS" start="2024-11-19T13:59:16.712249" elapsed="4.762112"/>
</kw>
<kw name="Sleep" owner="BuiltIn">
<msg time="2024-11-19T13:59:24.475508" level="INFO">Slept 3 seconds.</msg>
<arg>3s</arg>
<doc>Pauses the test executed for the given time.</doc>
<status status="PASS" start="2024-11-19T13:59:21.475347" elapsed="3.000161"/>
</kw>
<status status="PASS" start="2024-11-19T13:59:16.709978" elapsed="7.765530"/>
</kw>
<kw name="E tira Print" owner="loginkeywords">
<kw name="Sleep" owner="BuiltIn">
<msg time="2024-11-19T13:59:25.979337" level="INFO">Slept 1 second 500 milliseconds.</msg>
<arg>1.5s</arg>
<doc>Pauses the test executed for the given time.</doc>
<status status="PASS" start="2024-11-19T13:59:24.477777" elapsed="1.501560"/>
</kw>
<kw name="Capture Page Screenshot" owner="SeleniumLibrary">
<msg time="2024-11-19T13:59:26.088098" level="INFO" html="true">&lt;/td&gt;&lt;/tr&gt;&lt;tr&gt;&lt;td colspan="3"&gt;&lt;a href="screenshots/CT06_LinkedIn.png"&gt;&lt;img src="screenshots/CT06_LinkedIn.png" width="800px"&gt;&lt;/a&gt;</msg>
<arg>../results/screenshots/${name}.png</arg>
<doc>Takes a screenshot of the current page and embeds it into a log file.</doc>
<status status="PASS" start="2024-11-19T13:59:25.979337" elapsed="0.108761"/>
</kw>
<arg>CT06_LinkedIn</arg>
<status status="PASS" start="2024-11-19T13:59:24.477265" elapsed="1.610833"/>
</kw>
<kw name="Quando clicar na rede social" owner="loginkeywords">
<kw name="Get Window Handles" owner="SeleniumLibrary">
<msg time="2024-11-19T13:59:26.089307" level="INFO">${original_handles} = ['BB7982FB7BA0C9C197D9E941E48BBEEE', '294FD7B08C8A13F1C28AD35348586201']</msg>
<var>${original_handles}</var>
<doc>Returns all child window handles of the selected browser as a list.</doc>
<status status="PASS" start="2024-11-19T13:59:26.089307" elapsed="0.000000"/>
</kw>
<kw name="Get Length" owner="BuiltIn">
<msg time="2024-11-19T13:59:26.089307" level="INFO">Length is 2.</msg>
<msg time="2024-11-19T13:59:26.089307" level="INFO">${numero_abas_inicial} = 2</msg>
<var>${numero_abas_inicial}</var>
<arg>${original_handles}</arg>
<doc>Returns and logs the length of the given item as an integer.</doc>
<status status="PASS" start="2024-11-19T13:59:26.089307" elapsed="0.000000"/>
</kw>
<kw name="Click Element" owner="SeleniumLibrary">
<msg time="2024-11-19T13:59:26.089307" level="INFO">Clicking element 'css=a[href="https://www.linkedin.com/company/orangehrm/mycompany/"]'.</msg>
<arg>css=a[href="${social}"]</arg>
<doc>Click the element identified by ``locator``.</doc>
<status status="PASS" start="2024-11-19T13:59:26.089307" elapsed="0.148677"/>
</kw>
<kw name="Sleep" owner="BuiltIn">
<msg time="2024-11-19T13:59:28.241620" level="INFO">Slept 2 seconds.</msg>
<arg>2s</arg>
<doc>Pauses the test executed for the given time.</doc>
<status status="PASS" start="2024-11-19T13:59:26.240086" elapsed="2.001534"/>
</kw>
<kw name="Get Window Handles" owner="SeleniumLibrary">
<msg time="2024-11-19T13:59:28.255965" level="INFO">${new_handles} = ['BB7982FB7BA0C9C197D9E941E48BBEEE', '294FD7B08C8A13F1C28AD35348586201', '5207791D19685EFE59322EC837A43E6D']</msg>
<var>${new_handles}</var>
<doc>Returns all child window handles of the selected browser as a list.</doc>
<status status="PASS" start="2024-11-19T13:59:28.241620" elapsed="0.014345"/>
</kw>
<kw name="Get Length" owner="BuiltIn">
<msg time="2024-11-19T13:59:28.256916" level="INFO">Length is 3.</msg>
<msg time="2024-11-19T13:59:28.257911" level="INFO">${numero_abas_final} = 3</msg>
<var>${numero_abas_final}</var>
<arg>${new_handles}</arg>
<doc>Returns and logs the length of the given item as an integer.</doc>
<status status="PASS" start="2024-11-19T13:59:28.256916" elapsed="0.001985"/>
</kw>
<kw name="Should Be True" owner="BuiltIn">
<arg>${numero_abas_final} &gt; ${numero_abas_inicial}</arg>
<doc>Fails if the given condition is not true.</doc>
<status status="PASS" start="2024-11-19T13:59:28.258901" elapsed="0.001051"/>
</kw>
<kw name="Switch Window" owner="SeleniumLibrary">
<arg>${new_handles}[-1]</arg>
<doc>Switches to browser window matching ``locator``.</doc>
<status status="PASS" start="2024-11-19T13:59:28.261295" elapsed="0.161974"/>
</kw>
<arg>${URL_LINKEDIN}</arg>
<status status="PASS" start="2024-11-19T13:59:26.089307" elapsed="2.333962"/>
</kw>
<kw name="Entao devera estar na pagina" owner="loginkeywords">
<kw name="Get Location" owner="SeleniumLibrary">
<msg time="2024-11-19T13:59:28.455452" level="INFO">${current_url} = https://br.linkedin.com/company/orangehrm</msg>
<var>${current_url}</var>
<doc>Returns the current browser window URL.</doc>
<status status="PASS" start="2024-11-19T13:59:28.425274" elapsed="0.031199"/>
</kw>
<kw name="Should Be Equal" owner="BuiltIn">
<arg>${current_url}</arg>
<arg>${expected_url}</arg>
<doc>Fails if the given objects are unequal.</doc>
<status status="PASS" start="2024-11-19T13:59:28.457510" elapsed="0.001014"/>
</kw>
<arg>${LINKEDIN_PAGE}</arg>
<status status="PASS" start="2024-11-19T13:59:28.424270" elapsed="0.034254"/>
</kw>
<kw name="E tira Print" owner="loginkeywords">
<kw name="Sleep" owner="BuiltIn">
<msg time="2024-11-19T13:59:29.965310" level="INFO">Slept 1 second 500 milliseconds.</msg>
<arg>1.5s</arg>
<doc>Pauses the test executed for the given time.</doc>
<status status="PASS" start="2024-11-19T13:59:28.462788" elapsed="1.502522"/>
</kw>
<kw name="Capture Page Screenshot" owner="SeleniumLibrary">
<msg time="2024-11-19T13:59:30.061947" level="INFO" html="true">&lt;/td&gt;&lt;/tr&gt;&lt;tr&gt;&lt;td colspan="3"&gt;&lt;a href="screenshots/CT06_LinkedInPage.png"&gt;&lt;img src="screenshots/CT06_LinkedInPage.png" width="800px"&gt;&lt;/a&gt;</msg>
<arg>../results/screenshots/${name}.png</arg>
<doc>Takes a screenshot of the current page and embeds it into a log file.</doc>
<status status="PASS" start="2024-11-19T13:59:29.966730" elapsed="0.095217"/>
</kw>
<arg>CT06_LinkedInPage</arg>
<status status="PASS" start="2024-11-19T13:59:28.460717" elapsed="1.601230"/>
</kw>
<kw name="E fecha Browser" owner="loginkeywords">
<kw name="Close Browser" owner="SeleniumLibrary">
<doc>Closes the current browser.</doc>
<status status="PASS" start="2024-11-19T13:59:30.063783" elapsed="2.363240"/>
</kw>
<status status="PASS" start="2024-11-19T13:59:30.063783" elapsed="2.363240"/>
</kw>
<status status="PASS" start="2024-11-19T13:59:16.707122" elapsed="15.721956"/>
</test>
<test id="s1-s1-s1-t7" name="CT07 - Acessar Youtube" line="64">
<kw name="Dado que o usuario esta na pagina de login" owner="loginkeywords">
<kw name="Open Browser" owner="SeleniumLibrary">
<msg time="2024-11-19T13:59:32.437296" level="INFO">Opening browser 'Chrome' to base url 'https://opensource-demo.orangehrmlive.com/web/index.php/auth/login'.</msg>
<msg time="2024-11-19T13:59:33.072307" level="WARN">The chromedriver version (130.0.6723.116) detected in PATH at C:\chromedriver-win64\chromedriver.exe might not be compatible with the detected chrome version (131.0.6778.70); currently, chromedriver 131.0.6778.69 is recommended for chrome 131.*, so it is advised to delete the driver in PATH and retry</msg>
<arg>${URL_LOGIN_PAGE}</arg>
<arg>Chrome</arg>
<doc>Opens a new browser instance to the optional ``url``.</doc>
<status status="PASS" start="2024-11-19T13:59:32.437296" elapsed="4.716070"/>
</kw>
<kw name="Sleep" owner="BuiltIn">
<msg time="2024-11-19T13:59:40.154813" level="INFO">Slept 3 seconds.</msg>
<arg>3s</arg>
<doc>Pauses the test executed for the given time.</doc>
<status status="PASS" start="2024-11-19T13:59:37.153366" elapsed="3.001447"/>
</kw>
<status status="PASS" start="2024-11-19T13:59:32.435276" elapsed="7.719537"/>
</kw>
<kw name="E tira Print" owner="loginkeywords">
<kw name="Sleep" owner="BuiltIn">
<msg time="2024-11-19T13:59:41.658019" level="INFO">Slept 1 second 500 milliseconds.</msg>
<arg>1.5s</arg>
<doc>Pauses the test executed for the given time.</doc>
<status status="PASS" start="2024-11-19T13:59:40.157559" elapsed="1.501223"/>
</kw>
<kw name="Capture Page Screenshot" owner="SeleniumLibrary">
<msg time="2024-11-19T13:59:41.742485" level="INFO" html="true">&lt;/td&gt;&lt;/tr&gt;&lt;tr&gt;&lt;td colspan="3"&gt;&lt;a href="screenshots/CT07_Youtube.png"&gt;&lt;img src="screenshots/CT07_Youtube.png" width="800px"&gt;&lt;/a&gt;</msg>
<arg>../results/screenshots/${name}.png</arg>
<doc>Takes a screenshot of the current page and embeds it into a log file.</doc>
<status status="PASS" start="2024-11-19T13:59:41.658782" elapsed="0.083703"/>
</kw>
<arg>CT07_Youtube</arg>
<status status="PASS" start="2024-11-19T13:59:40.157559" elapsed="1.586601"/>
</kw>
<kw name="Quando clicar na rede social" owner="loginkeywords">
<kw name="Get Window Handles" owner="SeleniumLibrary">
<msg time="2024-11-19T13:59:41.745980" level="INFO">${original_handles} = ['BB1A11B0660FAFD575A9438FC07E86B6', 'B8A9DB31934433C58A740C0BECBD91BA']</msg>
<var>${original_handles}</var>
<doc>Returns all child window handles of the selected browser as a list.</doc>
<status status="PASS" start="2024-11-19T13:59:41.744160" elapsed="0.001820"/>
</kw>
<kw name="Get Length" owner="BuiltIn">
<msg time="2024-11-19T13:59:41.749425" level="INFO">Length is 2.</msg>
<msg time="2024-11-19T13:59:41.749425" level="INFO">${numero_abas_inicial} = 2</msg>
<var>${numero_abas_inicial}</var>
<arg>${original_handles}</arg>
<doc>Returns and logs the length of the given item as an integer.</doc>
<status status="PASS" start="2024-11-19T13:59:41.745980" elapsed="0.003445"/>
</kw>
<kw name="Click Element" owner="SeleniumLibrary">
<msg time="2024-11-19T13:59:41.751033" level="INFO">Clicking element 'css=a[href="https://www.youtube.com/c/OrangeHRMInc"]'.</msg>
<arg>css=a[href="${social}"]</arg>
<doc>Click the element identified by ``locator``.</doc>
<status status="PASS" start="2024-11-19T13:59:41.749425" elapsed="0.166936"/>
</kw>
<kw name="Sleep" owner="BuiltIn">
<msg time="2024-11-19T13:59:43.917852" level="INFO">Slept 2 seconds.</msg>
<arg>2s</arg>
<doc>Pauses the test executed for the given time.</doc>
<status status="PASS" start="2024-11-19T13:59:41.916361" elapsed="2.001491"/>
</kw>
<kw name="Get Window Handles" owner="SeleniumLibrary">
<msg time="2024-11-19T13:59:44.445386" level="INFO">${new_handles} = ['BB1A11B0660FAFD575A9438FC07E86B6', 'B8A9DB31934433C58A740C0BECBD91BA', '9090EB8085D580531DAD24A476D084A1']</msg>
<var>${new_handles}</var>
<doc>Returns all child window handles of the selected browser as a list.</doc>
<status status="PASS" start="2024-11-19T13:59:43.918862" elapsed="0.526524"/>
</kw>
<kw name="Get Length" owner="BuiltIn">
<msg time="2024-11-19T13:59:44.446922" level="INFO">Length is 3.</msg>
<msg time="2024-11-19T13:59:44.446922" level="INFO">${numero_abas_final} = 3</msg>
<var>${numero_abas_final}</var>
<arg>${new_handles}</arg>
<doc>Returns and logs the length of the given item as an integer.</doc>
<status status="PASS" start="2024-11-19T13:59:44.445386" elapsed="0.001536"/>
</kw>
<kw name="Should Be True" owner="BuiltIn">
<arg>${numero_abas_final} &gt; ${numero_abas_inicial}</arg>
<doc>Fails if the given condition is not true.</doc>
<status status="PASS" start="2024-11-19T13:59:44.449654" elapsed="0.002029"/>
</kw>
<kw name="Switch Window" owner="SeleniumLibrary">
<arg>${new_handles}[-1]</arg>
<doc>Switches to browser window matching ``locator``.</doc>
<status status="PASS" start="2024-11-19T13:59:44.451683" elapsed="0.181757"/>
</kw>
<arg>${URL_YOUTUBE}</arg>
<status status="PASS" start="2024-11-19T13:59:41.744160" elapsed="2.889280"/>
</kw>
<kw name="Entao devera estar na pagina" owner="loginkeywords">
<kw name="Get Location" owner="SeleniumLibrary">
<msg time="2024-11-19T13:59:47.096349" level="INFO">${current_url} = https://www.youtube.com/c/OrangeHRMInc</msg>
<var>${current_url}</var>
<doc>Returns the current browser window URL.</doc>
<status status="PASS" start="2024-11-19T13:59:44.643846" elapsed="2.452814"/>
</kw>
<kw name="Should Be Equal" owner="BuiltIn">
<arg>${current_url}</arg>
<arg>${expected_url}</arg>
<doc>Fails if the given objects are unequal.</doc>
<status status="PASS" start="2024-11-19T13:59:47.097765" elapsed="0.000000"/>
</kw>
<arg>${YOUTUBE_PAGE}</arg>
<status status="PASS" start="2024-11-19T13:59:44.641848" elapsed="2.457430"/>
</kw>
<kw name="E tira Print" owner="loginkeywords">
<kw name="Sleep" owner="BuiltIn">
<msg time="2024-11-19T13:59:48.606858" level="INFO">Slept 1 second 500 milliseconds.</msg>
<arg>1.5s</arg>
<doc>Pauses the test executed for the given time.</doc>
<status status="PASS" start="2024-11-19T13:59:47.105312" elapsed="1.501546"/>
</kw>
<kw name="Capture Page Screenshot" owner="SeleniumLibrary">
<msg time="2024-11-19T13:59:48.760089" level="INFO" html="true">&lt;/td&gt;&lt;/tr&gt;&lt;tr&gt;&lt;td colspan="3"&gt;&lt;a href="screenshots/CT07_YoutubeInPage.png"&gt;&lt;img src="screenshots/CT07_YoutubeInPage.png" width="800px"&gt;&lt;/a&gt;</msg>
<arg>../results/screenshots/${name}.png</arg>
<doc>Takes a screenshot of the current page and embeds it into a log file.</doc>
<status status="PASS" start="2024-11-19T13:59:48.608344" elapsed="0.152748"/>
</kw>
<arg>CT07_YoutubeInPage</arg>
<status status="PASS" start="2024-11-19T13:59:47.104315" elapsed="1.656777"/>
</kw>
<kw name="E fecha Browser" owner="loginkeywords">
<kw name="Close Browser" owner="SeleniumLibrary">
<doc>Closes the current browser.</doc>
<status status="PASS" start="2024-11-19T13:59:48.763107" elapsed="2.645285"/>
</kw>
<status status="PASS" start="2024-11-19T13:59:48.762112" elapsed="2.646712"/>
</kw>
<status status="PASS" start="2024-11-19T13:59:32.429078" elapsed="18.981760"/>
</test>
<test id="s1-s1-s1-t8" name="CT08 - Acessar Facebook" line="72">
<kw name="Dado que o usuario esta na pagina de login" owner="loginkeywords">
<kw name="Open Browser" owner="SeleniumLibrary">
<msg time="2024-11-19T13:59:51.419986" level="INFO">Opening browser 'Chrome' to base url 'https://opensource-demo.orangehrmlive.com/web/index.php/auth/login'.</msg>
<msg time="2024-11-19T13:59:52.870220" level="WARN">The chromedriver version (130.0.6723.116) detected in PATH at C:\chromedriver-win64\chromedriver.exe might not be compatible with the detected chrome version (131.0.6778.70); currently, chromedriver 131.0.6778.69 is recommended for chrome 131.*, so it is advised to delete the driver in PATH and retry</msg>
<arg>${URL_LOGIN_PAGE}</arg>
<arg>Chrome</arg>
<doc>Opens a new browser instance to the optional ``url``.</doc>
<status status="PASS" start="2024-11-19T13:59:51.417522" elapsed="6.444723"/>
</kw>
<kw name="Sleep" owner="BuiltIn">
<msg time="2024-11-19T14:00:00.863856" level="INFO">Slept 3 seconds.</msg>
<arg>3s</arg>
<doc>Pauses the test executed for the given time.</doc>
<status status="PASS" start="2024-11-19T13:59:57.862245" elapsed="3.001611"/>
</kw>
<status status="PASS" start="2024-11-19T13:59:51.417522" elapsed="9.447348"/>
</kw>
<kw name="E tira Print" owner="loginkeywords">
<kw name="Sleep" owner="BuiltIn">
<msg time="2024-11-19T14:00:02.367594" level="INFO">Slept 1 second 500 milliseconds.</msg>
<arg>1.5s</arg>
<doc>Pauses the test executed for the given time.</doc>
<status status="PASS" start="2024-11-19T14:00:00.866197" elapsed="1.501397"/>
</kw>
<kw name="Capture Page Screenshot" owner="SeleniumLibrary">
<msg time="2024-11-19T14:00:02.452117" level="INFO" html="true">&lt;/td&gt;&lt;/tr&gt;&lt;tr&gt;&lt;td colspan="3"&gt;&lt;a href="screenshots/CT08_Facebook.png"&gt;&lt;img src="screenshots/CT08_Facebook.png" width="800px"&gt;&lt;/a&gt;</msg>
<arg>../results/screenshots/${name}.png</arg>
<doc>Takes a screenshot of the current page and embeds it into a log file.</doc>
<status status="PASS" start="2024-11-19T14:00:02.367594" elapsed="0.085536"/>
</kw>
<arg>CT08_Facebook</arg>
<status status="PASS" start="2024-11-19T14:00:00.864870" elapsed="1.588260"/>
</kw>
<kw name="Quando clicar na rede social" owner="loginkeywords">
<kw name="Get Window Handles" owner="SeleniumLibrary">
<msg time="2024-11-19T14:00:02.456357" level="INFO">${original_handles} = ['C1295F75F2E79E0D569BA92D12180FF4', 'FF1601705EE62C3F51283206679D61B3']</msg>
<var>${original_handles}</var>
<doc>Returns all child window handles of the selected browser as a list.</doc>
<status status="PASS" start="2024-11-19T14:00:02.454118" elapsed="0.003548"/>
</kw>
<kw name="Get Length" owner="BuiltIn">
<msg time="2024-11-19T14:00:02.457666" level="INFO">Length is 2.</msg>
<msg time="2024-11-19T14:00:02.458694" level="INFO">${numero_abas_inicial} = 2</msg>
<var>${numero_abas_inicial}</var>
<arg>${original_handles}</arg>
<doc>Returns and logs the length of the given item as an integer.</doc>
<status status="PASS" start="2024-11-19T14:00:02.457666" elapsed="0.001028"/>
</kw>
<kw name="Click Element" owner="SeleniumLibrary">
<msg time="2024-11-19T14:00:02.459996" level="INFO">Clicking element 'css=a[href="https://www.facebook.com/OrangeHRM/"]'.</msg>
<arg>css=a[href="${social}"]</arg>
<doc>Click the element identified by ``locator``.</doc>
<status status="PASS" start="2024-11-19T14:00:02.458694" elapsed="0.150847"/>
</kw>
<kw name="Sleep" owner="BuiltIn">
<msg time="2024-11-19T14:00:04.612009" level="INFO">Slept 2 seconds.</msg>
<arg>2s</arg>
<doc>Pauses the test executed for the given time.</doc>
<status status="PASS" start="2024-11-19T14:00:02.611744" elapsed="2.007787"/>
</kw>
<kw name="Get Window Handles" owner="SeleniumLibrary">
<msg time="2024-11-19T14:00:04.693720" level="INFO">${new_handles} = ['C1295F75F2E79E0D569BA92D12180FF4', 'FF1601705EE62C3F51283206679D61B3', '7F4F36F1FF07AB7FC9E11339B6CF23AB']</msg>
<var>${new_handles}</var>
<doc>Returns all child window handles of the selected browser as a list.</doc>
<status status="PASS" start="2024-11-19T14:00:04.619531" elapsed="0.074189"/>
</kw>
<kw name="Get Length" owner="BuiltIn">
<msg time="2024-11-19T14:00:04.694719" level="INFO">Length is 3.</msg>
<msg time="2024-11-19T14:00:04.695721" level="INFO">${numero_abas_final} = 3</msg>
<var>${numero_abas_final}</var>
<arg>${new_handles}</arg>
<doc>Returns and logs the length of the given item as an integer.</doc>
<status status="PASS" start="2024-11-19T14:00:04.694719" elapsed="0.002001"/>
</kw>
<kw name="Should Be True" owner="BuiltIn">
<arg>${numero_abas_final} &gt; ${numero_abas_inicial}</arg>
<doc>Fails if the given condition is not true.</doc>
<status status="PASS" start="2024-11-19T14:00:04.696720" elapsed="0.001301"/>
</kw>
<kw name="Switch Window" owner="SeleniumLibrary">
<arg>${new_handles}[-1]</arg>
<doc>Switches to browser window matching ``locator``.</doc>
<status status="PASS" start="2024-11-19T14:00:04.698021" elapsed="0.128166"/>
</kw>
<arg>${URL_FACEBOOK}</arg>
<status status="PASS" start="2024-11-19T14:00:02.453130" elapsed="2.374055"/>
</kw>
<kw name="Entao devera estar na pagina" owner="loginkeywords">
<kw name="Get Location" owner="SeleniumLibrary">
<msg time="2024-11-19T14:00:04.883358" level="INFO">${current_url} = https://www.facebook.com/OrangeHRM/</msg>
<var>${current_url}</var>
<doc>Returns the current browser window URL.</doc>
<status status="PASS" start="2024-11-19T14:00:04.832180" elapsed="0.053200"/>
</kw>
<kw name="Should Be Equal" owner="BuiltIn">
<arg>${current_url}</arg>
<arg>${expected_url}</arg>
<doc>Fails if the given objects are unequal.</doc>
<status status="PASS" start="2024-11-19T14:00:04.885380" elapsed="0.000000"/>
</kw>
<arg>${FACEBOOK_PAGE}</arg>
<status status="PASS" start="2024-11-19T14:00:04.830185" elapsed="0.055195"/>
</kw>
<kw name="E tira Print" owner="loginkeywords">
<kw name="Sleep" owner="BuiltIn">
<msg time="2024-11-19T14:00:06.394835" level="INFO">Slept 1 second 500 milliseconds.</msg>
<arg>1.5s</arg>
<doc>Pauses the test executed for the given time.</doc>
<status status="PASS" start="2024-11-19T14:00:04.893598" elapsed="1.502377"/>
</kw>
<kw name="Capture Page Screenshot" owner="SeleniumLibrary">
<msg time="2024-11-19T14:00:06.527588" level="INFO" html="true">&lt;/td&gt;&lt;/tr&gt;&lt;tr&gt;&lt;td colspan="3"&gt;&lt;a href="screenshots/CT08_FacebookPage.png"&gt;&lt;img src="screenshots/CT08_FacebookPage.png" width="800px"&gt;&lt;/a&gt;</msg>
<arg>../results/screenshots/${name}.png</arg>
<doc>Takes a screenshot of the current page and embeds it into a log file.</doc>
<status status="PASS" start="2024-11-19T14:00:06.395975" elapsed="0.133211"/>
</kw>
<arg>CT08_FacebookPage</arg>
<status status="PASS" start="2024-11-19T14:00:04.892596" elapsed="1.636590"/>
</kw>
<kw name="E fecha Browser" owner="loginkeywords">
<kw name="Close Browser" owner="SeleniumLibrary">
<doc>Closes the current browser.</doc>
<status status="PASS" start="2024-11-19T14:00:06.531246" elapsed="2.355583"/>
</kw>
<status status="PASS" start="2024-11-19T14:00:06.531246" elapsed="2.356360"/>
</kw>
<status status="PASS" start="2024-11-19T13:59:51.415511" elapsed="17.473330"/>
</test>
<test id="s1-s1-s1-t9" name="CT09 - Acessar Twitter" line="80">
<kw name="Dado que o usuario esta na pagina de login" owner="loginkeywords">
<kw name="Open Browser" owner="SeleniumLibrary">
<msg time="2024-11-19T14:00:08.894374" level="INFO">Opening browser 'Chrome' to base url 'https://opensource-demo.orangehrmlive.com/web/index.php/auth/login'.</msg>
<msg time="2024-11-19T14:00:09.536197" level="WARN">The chromedriver version (130.0.6723.116) detected in PATH at C:\chromedriver-win64\chromedriver.exe might not be compatible with the detected chrome version (131.0.6778.70); currently, chromedriver 131.0.6778.69 is recommended for chrome 131.*, so it is advised to delete the driver in PATH and retry</msg>
<arg>${URL_LOGIN_PAGE}</arg>
<arg>Chrome</arg>
<doc>Opens a new browser instance to the optional ``url``.</doc>
<status status="PASS" start="2024-11-19T14:00:08.894374" elapsed="4.865659"/>
</kw>
<kw name="Sleep" owner="BuiltIn">
<msg time="2024-11-19T14:00:16.761846" level="INFO">Slept 3 seconds.</msg>
<arg>3s</arg>
<doc>Pauses the test executed for the given time.</doc>
<status status="PASS" start="2024-11-19T14:00:13.761263" elapsed="3.000583"/>
</kw>
<status status="PASS" start="2024-11-19T14:00:08.893024" elapsed="7.868822"/>
</kw>
<kw name="E tira Print" owner="loginkeywords">
<kw name="Sleep" owner="BuiltIn">
<msg time="2024-11-19T14:00:18.264792" level="INFO">Slept 1 second 500 milliseconds.</msg>
<arg>1.5s</arg>
<doc>Pauses the test executed for the given time.</doc>
<status status="PASS" start="2024-11-19T14:00:16.764287" elapsed="1.500505"/>
</kw>
<kw name="Capture Page Screenshot" owner="SeleniumLibrary">
<msg time="2024-11-19T14:00:18.359697" level="INFO" html="true">&lt;/td&gt;&lt;/tr&gt;&lt;tr&gt;&lt;td colspan="3"&gt;&lt;a href="screenshots/CT09_Twitter.png"&gt;&lt;img src="screenshots/CT09_Twitter.png" width="800px"&gt;&lt;/a&gt;</msg>
<arg>../results/screenshots/${name}.png</arg>
<doc>Takes a screenshot of the current page and embeds it into a log file.</doc>
<status status="PASS" start="2024-11-19T14:00:18.264792" elapsed="0.094905"/>
</kw>
<arg>CT09_Twitter</arg>
<status status="PASS" start="2024-11-19T14:00:16.763379" elapsed="1.596318"/>
</kw>
<kw name="Quando clicar na rede social" owner="loginkeywords">
<kw name="Get Window Handles" owner="SeleniumLibrary">
<msg time="2024-11-19T14:00:18.364341" level="INFO">${original_handles} = ['EA37C229E997EAE655E37D5F0EC20799', '22DA31FE90631BE2B7AC557200C11349']</msg>
<var>${original_handles}</var>
<doc>Returns all child window handles of the selected browser as a list.</doc>
<status status="PASS" start="2024-11-19T14:00:18.362255" elapsed="0.002086"/>
</kw>
<kw name="Get Length" owner="BuiltIn">
<msg time="2024-11-19T14:00:18.365400" level="INFO">Length is 2.</msg>
<msg time="2024-11-19T14:00:18.366421" level="INFO">${numero_abas_inicial} = 2</msg>
<var>${numero_abas_inicial}</var>
<arg>${original_handles}</arg>
<doc>Returns and logs the length of the given item as an integer.</doc>
<status status="PASS" start="2024-11-19T14:00:18.365400" elapsed="0.001021"/>
</kw>
<kw name="Click Element" owner="SeleniumLibrary">
<msg time="2024-11-19T14:00:18.367660" level="INFO">Clicking element 'css=a[href="https://twitter.com/orangehrm?lang=en"]'.</msg>
<arg>css=a[href="${social}"]</arg>
<doc>Click the element identified by ``locator``.</doc>
<status status="PASS" start="2024-11-19T14:00:18.366421" elapsed="0.169778"/>
</kw>
<kw name="Sleep" owner="BuiltIn">
<msg time="2024-11-19T14:00:20.537729" level="INFO">Slept 2 seconds.</msg>
<arg>2s</arg>
<doc>Pauses the test executed for the given time.</doc>
<status status="PASS" start="2024-11-19T14:00:18.537057" elapsed="2.000672"/>
</kw>
<kw name="Get Window Handles" owner="SeleniumLibrary">
<msg time="2024-11-19T14:00:22.720486" level="INFO">${new_handles} = ['EA37C229E997EAE655E37D5F0EC20799', '22DA31FE90631BE2B7AC557200C11349', '34C415E34D758CEEC3DCAA81BA732FAA']</msg>
<var>${new_handles}</var>
<doc>Returns all child window handles of the selected browser as a list.</doc>
<status status="PASS" start="2024-11-19T14:00:20.537729" elapsed="2.182757"/>
</kw>
<kw name="Get Length" owner="BuiltIn">
<msg time="2024-11-19T14:00:22.723747" level="INFO">Length is 3.</msg>
<msg time="2024-11-19T14:00:22.723747" level="INFO">${numero_abas_final} = 3</msg>
<var>${numero_abas_final}</var>
<arg>${new_handles}</arg>
<doc>Returns and logs the length of the given item as an integer.</doc>
<status status="PASS" start="2024-11-19T14:00:22.723747" elapsed="0.000000"/>
</kw>
<kw name="Should Be True" owner="BuiltIn">
<arg>${numero_abas_final} &gt; ${numero_abas_inicial}</arg>
<doc>Fails if the given condition is not true.</doc>
<status status="PASS" start="2024-11-19T14:00:22.723747" elapsed="0.003960"/>
</kw>
<kw name="Switch Window" owner="SeleniumLibrary">
<arg>${new_handles}[-1]</arg>
<doc>Switches to browser window matching ``locator``.</doc>
<status status="PASS" start="2024-11-19T14:00:22.727707" elapsed="0.198323"/>
</kw>
<arg>${URL_TWITTER}</arg>
<status status="PASS" start="2024-11-19T14:00:18.361154" elapsed="4.565867"/>
</kw>
<kw name="Entao devera estar na pagina" owner="loginkeywords">
<kw name="Get Location" owner="SeleniumLibrary">
<msg time="2024-11-19T14:00:22.958139" level="INFO">${current_url} = https://x.com/orangehrm?lang=en</msg>
<var>${current_url}</var>
<doc>Returns the current browser window URL.</doc>
<status status="PASS" start="2024-11-19T14:00:22.930347" elapsed="0.027792"/>
</kw>
<kw name="Should Be Equal" owner="BuiltIn">
<arg>${current_url}</arg>
<arg>${expected_url}</arg>
<doc>Fails if the given objects are unequal.</doc>
<status status="PASS" start="2024-11-19T14:00:22.959143" elapsed="0.000996"/>
</kw>
<arg>${TWITTER_PAGE}</arg>
<status status="PASS" start="2024-11-19T14:00:22.928027" elapsed="0.032112"/>
</kw>
<kw name="E tira Print" owner="loginkeywords">
<kw name="Sleep" owner="BuiltIn">
<msg time="2024-11-19T14:00:24.462352" level="INFO">Slept 1 second 500 milliseconds.</msg>
<arg>1.5s</arg>
<doc>Pauses the test executed for the given time.</doc>
<status status="PASS" start="2024-11-19T14:00:22.961948" elapsed="1.500921"/>
</kw>
<kw name="Capture Page Screenshot" owner="SeleniumLibrary">
<msg time="2024-11-19T14:00:24.597913" level="INFO" html="true">&lt;/td&gt;&lt;/tr&gt;&lt;tr&gt;&lt;td colspan="3"&gt;&lt;a href="screenshots/CT09_TwitterPage.png"&gt;&lt;img src="screenshots/CT09_TwitterPage.png" width="800px"&gt;&lt;/a&gt;</msg>
<arg>../results/screenshots/${name}.png</arg>
<doc>Takes a screenshot of the current page and embeds it into a log file.</doc>
<status status="PASS" start="2024-11-19T14:00:24.463958" elapsed="0.133955"/>
</kw>
<arg>CT09_TwitterPage</arg>
<status status="PASS" start="2024-11-19T14:00:22.961322" elapsed="1.636591"/>
</kw>
<kw name="E fecha Browser" owner="loginkeywords">
<kw name="Close Browser" owner="SeleniumLibrary">
<doc>Closes the current browser.</doc>
<status status="PASS" start="2024-11-19T14:00:24.605709" elapsed="2.377863"/>
</kw>
<status status="PASS" start="2024-11-19T14:00:24.597913" elapsed="2.386555"/>
</kw>
<status status="PASS" start="2024-11-19T14:00:08.889867" elapsed="18.094601"/>
</test>
<test id="s1-s1-s1-t10" name="CT10 - Acessar OrangeHRM" line="88">
<kw name="Dado que o usuario esta na pagina de login" owner="loginkeywords">
<kw name="Open Browser" owner="SeleniumLibrary">
<msg time="2024-11-19T14:00:26.991426" level="INFO">Opening browser 'Chrome' to base url 'https://opensource-demo.orangehrmlive.com/web/index.php/auth/login'.</msg>
<msg time="2024-11-19T14:00:27.638840" level="WARN">The chromedriver version (130.0.6723.116) detected in PATH at C:\chromedriver-win64\chromedriver.exe might not be compatible with the detected chrome version (131.0.6778.70); currently, chromedriver 131.0.6778.69 is recommended for chrome 131.*, so it is advised to delete the driver in PATH and retry</msg>
<arg>${URL_LOGIN_PAGE}</arg>
<arg>Chrome</arg>
<doc>Opens a new browser instance to the optional ``url``.</doc>
<status status="PASS" start="2024-11-19T14:00:26.991426" elapsed="4.751894"/>
</kw>
<kw name="Sleep" owner="BuiltIn">
<msg time="2024-11-19T14:00:34.745106" level="INFO">Slept 3 seconds.</msg>
<arg>3s</arg>
<doc>Pauses the test executed for the given time.</doc>
<status status="PASS" start="2024-11-19T14:00:31.743320" elapsed="3.001786"/>
</kw>
<status status="PASS" start="2024-11-19T14:00:26.990060" elapsed="7.756286"/>
</kw>
<kw name="E tira Print" owner="loginkeywords">
<kw name="Sleep" owner="BuiltIn">
<msg time="2024-11-19T14:00:36.249755" level="INFO">Slept 1 second 500 milliseconds.</msg>
<arg>1.5s</arg>
<doc>Pauses the test executed for the given time.</doc>
<status status="PASS" start="2024-11-19T14:00:34.748366" elapsed="1.502377"/>
</kw>
<kw name="Capture Page Screenshot" owner="SeleniumLibrary">
<msg time="2024-11-19T14:00:36.347518" level="INFO" html="true">&lt;/td&gt;&lt;/tr&gt;&lt;tr&gt;&lt;td colspan="3"&gt;&lt;a href="screenshots/CT10_OrangeHRM.png"&gt;&lt;img src="screenshots/CT10_OrangeHRM.png" width="800px"&gt;&lt;/a&gt;</msg>
<arg>../results/screenshots/${name}.png</arg>
<doc>Takes a screenshot of the current page and embeds it into a log file.</doc>
<status status="PASS" start="2024-11-19T14:00:36.250743" elapsed="0.096775"/>
</kw>
<arg>CT10_OrangeHRM</arg>
<status status="PASS" start="2024-11-19T14:00:34.747374" elapsed="1.600144"/>
</kw>
<kw name="Quando clicar na rede social" owner="loginkeywords">
<kw name="Get Window Handles" owner="SeleniumLibrary">
<msg time="2024-11-19T14:00:36.349806" level="INFO">${original_handles} = ['8D29AA22879BE938133E18C36624BFB4', 'BF3BEABE09044BF310709CB8282EDA85']</msg>
<var>${original_handles}</var>
<doc>Returns all child window handles of the selected browser as a list.</doc>
<status status="PASS" start="2024-11-19T14:00:36.349806" elapsed="0.000000"/>
</kw>
<kw name="Get Length" owner="BuiltIn">
<msg time="2024-11-19T14:00:36.349806" level="INFO">Length is 2.</msg>
<msg time="2024-11-19T14:00:36.349806" level="INFO">${numero_abas_inicial} = 2</msg>
<var>${numero_abas_inicial}</var>
<arg>${original_handles}</arg>
<doc>Returns and logs the length of the given item as an integer.</doc>
<status status="PASS" start="2024-11-19T14:00:36.349806" elapsed="0.000000"/>
</kw>
<kw name="Click Element" owner="SeleniumLibrary">
<msg time="2024-11-19T14:00:36.349806" level="INFO">Clicking element 'css=a[href="http://www.orangehrm.com"]'.</msg>
<arg>css=a[href="${social}"]</arg>
<doc>Click the element identified by ``locator``.</doc>
<status status="PASS" start="2024-11-19T14:00:36.349806" elapsed="0.170877"/>
</kw>
<kw name="Sleep" owner="BuiltIn">
<msg time="2024-11-19T14:00:38.523091" level="INFO">Slept 2 seconds.</msg>
<arg>2s</arg>
<doc>Pauses the test executed for the given time.</doc>
<status status="PASS" start="2024-11-19T14:00:36.521682" elapsed="2.002091"/>
</kw>
<kw name="Get Window Handles" owner="SeleniumLibrary">
<msg time="2024-11-19T14:00:38.544815" level="INFO">${new_handles} = ['8D29AA22879BE938133E18C36624BFB4', 'BF3BEABE09044BF310709CB8282EDA85', '72A81E3A1640B244C2C5DC53730C5FBE']</msg>
<var>${new_handles}</var>
<doc>Returns all child window handles of the selected browser as a list.</doc>
<status status="PASS" start="2024-11-19T14:00:38.525043" elapsed="0.019772"/>
</kw>
<kw name="Get Length" owner="BuiltIn">
<msg time="2024-11-19T14:00:38.545862" level="INFO">Length is 3.</msg>
<msg time="2024-11-19T14:00:38.546820" level="INFO">${numero_abas_final} = 3</msg>
<var>${numero_abas_final}</var>
<arg>${new_handles}</arg>
<doc>Returns and logs the length of the given item as an integer.</doc>
<status status="PASS" start="2024-11-19T14:00:38.544815" elapsed="0.002357"/>
</kw>
<kw name="Should Be True" owner="BuiltIn">
<arg>${numero_abas_final} &gt; ${numero_abas_inicial}</arg>
<doc>Fails if the given condition is not true.</doc>
<status status="PASS" start="2024-11-19T14:00:38.547172" elapsed="0.000000"/>
</kw>
<kw name="Switch Window" owner="SeleniumLibrary">
<arg>${new_handles}[-1]</arg>
<doc>Switches to browser window matching ``locator``.</doc>
<status status="PASS" start="2024-11-19T14:00:38.547172" elapsed="0.188836"/>
</kw>
<arg>${URL_ORANGEHRM}</arg>
<status status="PASS" start="2024-11-19T14:00:36.348518" elapsed="2.388827"/>
</kw>
<kw name="Entao devera estar na pagina" owner="loginkeywords">
<kw name="Get Location" owner="SeleniumLibrary">
<msg time="2024-11-19T14:00:41.447823" level="INFO">${current_url} = https://www.orangehrm.com/</msg>
<var>${current_url}</var>
<doc>Returns the current browser window URL.</doc>
<status status="PASS" start="2024-11-19T14:00:38.739303" elapsed="2.710534"/>
</kw>
<kw name="Should Be Equal" owner="BuiltIn">
<arg>${current_url}</arg>
<arg>${expected_url}</arg>
<doc>Fails if the given objects are unequal.</doc>
<status status="PASS" start="2024-11-19T14:00:41.450532" elapsed="0.004214"/>
</kw>
<arg>${ORANGE_PAGE}</arg>
<status status="PASS" start="2024-11-19T14:00:38.737345" elapsed="2.717401"/>
</kw>
<kw name="E tira Print" owner="loginkeywords">
<kw name="Sleep" owner="BuiltIn">
<msg time="2024-11-19T14:00:42.963494" level="INFO">Slept 1 second 500 milliseconds.</msg>
<arg>1.5s</arg>
<doc>Pauses the test executed for the given time.</doc>
<status status="PASS" start="2024-11-19T14:00:41.460785" elapsed="1.502709"/>
</kw>
<kw name="Capture Page Screenshot" owner="SeleniumLibrary">
<msg time="2024-11-19T14:00:43.161714" level="INFO" html="true">&lt;/td&gt;&lt;/tr&gt;&lt;tr&gt;&lt;td colspan="3"&gt;&lt;a href="screenshots/CT10_OrangeHRMPage.png"&gt;&lt;img src="screenshots/CT10_OrangeHRMPage.png" width="800px"&gt;&lt;/a&gt;</msg>
<arg>../results/screenshots/${name}.png</arg>
<doc>Takes a screenshot of the current page and embeds it into a log file.</doc>
<status status="PASS" start="2024-11-19T14:00:42.963494" elapsed="0.198220"/>
</kw>
<arg>CT10_OrangeHRMPage</arg>
<status status="PASS" start="2024-11-19T14:00:41.458770" elapsed="1.702944"/>
</kw>
<kw name="E fecha Browser" owner="loginkeywords">
<kw name="Close Browser" owner="SeleniumLibrary">
<doc>Closes the current browser.</doc>
<status status="PASS" start="2024-11-19T14:00:43.163723" elapsed="2.435913"/>
</kw>
<status status="PASS" start="2024-11-19T14:00:43.162903" elapsed="2.437454"/>
</kw>
<status status="PASS" start="2024-11-19T14:00:26.988708" elapsed="18.611649"/>
</test>
<status status="PASS" start="2024-11-19T13:57:52.196040" elapsed="173.409603"/>
</suite>
<status status="PASS" start="2024-11-19T13:57:52.190588" elapsed="173.421068"/>
</suite>
<status status="PASS" start="2024-11-19T13:57:52.149075" elapsed="173.466626"/>
</suite>
<statistics>
<total>
<stat pass="10" fail="0" skip="0">All Tests</stat>
</total>
<tag>
</tag>
<suite>
<stat pass="10" fail="0" skip="0" id="s1" name="AutomacaoiLABRobot">AutomacaoiLABRobot</stat>
<stat pass="10" fail="0" skip="0" id="s1-s1" name="Tests">AutomacaoiLABRobot.Tests</stat>
<stat pass="10" fail="0" skip="0" id="s1-s1-s1" name="Logintests">AutomacaoiLABRobot.Tests.Logintests</stat>
</suite>
</statistics>
<errors>
<msg time="2024-11-19T13:57:53.231284" level="WARN">The chromedriver version (130.0.6723.116) detected in PATH at C:\chromedriver-win64\chromedriver.exe might not be compatible with the detected chrome version (131.0.6778.70); currently, chromedriver 131.0.6778.69 is recommended for chrome 131.*, so it is advised to delete the driver in PATH and retry</msg>
<msg time="2024-11-19T13:58:11.047624" level="WARN">The chromedriver version (130.0.6723.116) detected in PATH at C:\chromedriver-win64\chromedriver.exe might not be compatible with the detected chrome version (131.0.6778.70); currently, chromedriver 131.0.6778.69 is recommended for chrome 131.*, so it is advised to delete the driver in PATH and retry</msg>
<msg time="2024-11-19T13:58:27.316549" level="WARN">The chromedriver version (130.0.6723.116) detected in PATH at C:\chromedriver-win64\chromedriver.exe might not be compatible with the detected chrome version (131.0.6778.70); currently, chromedriver 131.0.6778.69 is recommended for chrome 131.*, so it is advised to delete the driver in PATH and retry</msg>
<msg time="2024-11-19T13:58:43.410736" level="WARN">The chromedriver version (130.0.6723.116) detected in PATH at C:\chromedriver-win64\chromedriver.exe might not be compatible with the detected chrome version (131.0.6778.70); currently, chromedriver 131.0.6778.69 is recommended for chrome 131.*, so it is advised to delete the driver in PATH and retry</msg>
<msg time="2024-11-19T13:58:59.094860" level="WARN">The chromedriver version (130.0.6723.116) detected in PATH at C:\chromedriver-win64\chromedriver.exe might not be compatible with the detected chrome version (131.0.6778.70); currently, chromedriver 131.0.6778.69 is recommended for chrome 131.*, so it is advised to delete the driver in PATH and retry</msg>
<msg time="2024-11-19T13:59:17.371066" level="WARN">The chromedriver version (130.0.6723.116) detected in PATH at C:\chromedriver-win64\chromedriver.exe might not be compatible with the detected chrome version (131.0.6778.70); currently, chromedriver 131.0.6778.69 is recommended for chrome 131.*, so it is advised to delete the driver in PATH and retry</msg>
<msg time="2024-11-19T13:59:33.072307" level="WARN">The chromedriver version (130.0.6723.116) detected in PATH at C:\chromedriver-win64\chromedriver.exe might not be compatible with the detected chrome version (131.0.6778.70); currently, chromedriver 131.0.6778.69 is recommended for chrome 131.*, so it is advised to delete the driver in PATH and retry</msg>
<msg time="2024-11-19T13:59:52.870220" level="WARN">The chromedriver version (130.0.6723.116) detected in PATH at C:\chromedriver-win64\chromedriver.exe might not be compatible with the detected chrome version (131.0.6778.70); currently, chromedriver 131.0.6778.69 is recommended for chrome 131.*, so it is advised to delete the driver in PATH and retry</msg>
<msg time="2024-11-19T14:00:09.536197" level="WARN">The chromedriver version (130.0.6723.116) detected in PATH at C:\chromedriver-win64\chromedriver.exe might not be compatible with the detected chrome version (131.0.6778.70); currently, chromedriver 131.0.6778.69 is recommended for chrome 131.*, so it is advised to delete the driver in PATH and retry</msg>
<msg time="2024-11-19T14:00:27.638840" level="WARN">The chromedriver version (130.0.6723.116) detected in PATH at C:\chromedriver-win64\chromedriver.exe might not be compatible with the detected chrome version (131.0.6778.70); currently, chromedriver 131.0.6778.69 is recommended for chrome 131.*, so it is advised to delete the driver in PATH and retry</msg>
</errors>
</robot>
